# JRE version: Java(TM) SE Runtime Environment (21.0.7+8) (build 21.0.7+8-LTS-245)
# Java VM: Java HotSpot(TM) 64-Bit Server VM (21.0.7+8-LTS-245, mixed mode, sharing, tiered, compressed oops, compressed class ptrs, g1 gc, windows-amd64)
GC Precious Log:
 CardTable entry size: 512
 Card Set container configuration: InlinePtr #cards 4 size 8 Array Of Cards #cards 16 size 48 Howl #buckets 8 coarsen threshold 3686 Howl Bitmap #cards 512 size 80 coarsen threshold 460 Card regions per heap region 1 cards per card region 4096
 CPUs: 12 total, 12 available
 Memory: 16027M
 Large Page Support: Disabled
 NUMA Support: Disabled
 Compressed Oops: Enabled (Zero based)
 Heap Region Size: 2M
 Heap Min Capacity: 8M
 Heap Initial Capacity: 252M
 Heap Max Capacity: 4008M
 Pre-touch: Disabled
 Parallel Workers: 10
 Concurrent Workers: 3
 Concurrent Refinement Workers: 10
 Periodic GC: Disabled
Heap:
 garbage-first heap   total 294912K, used 140327K [0x0000000705800000, 0x0000000800000000)
  region size 2048K, 33 young (67584K), 5 survivors (10240K)
 Metaspace       used 93535K, committed 94528K, reserved 1179648K
  class space    used 12143K, committed 12736K, reserved 1048576K
GC Heap History (20 events):
Event: 1696.020 GC heap before
{Heap before GC invocations=35 (full 0):
 garbage-first heap   total 643072K, used 435481K [0x0000000705800000, 0x0000000800000000)
  region size 2048K, 143 young (292864K), 4 survivors (8192K)
 Metaspace       used 91216K, committed 92288K, reserved 1179648K
  class space    used 12214K, committed 12736K, reserved 1048576K
}
Event: 1696.064 GC heap after
{Heap after GC invocations=36 (full 0):
 garbage-first heap   total 643072K, used 102065K [0x0000000705800000, 0x0000000800000000)
  region size 2048K, 6 young (12288K), 6 survivors (12288K)
 Metaspace       used 91216K, committed 92288K, reserved 1179648K
  class space    used 12214K, committed 12736K, reserved 1048576K
}
Event: 3375.774 GC heap before
{Heap before GC invocations=36 (full 0):
 garbage-first heap   total 643072K, used 474801K [0x0000000705800000, 0x0000000800000000)
  region size 2048K, 188 young (385024K), 6 survivors (12288K)
 Metaspace       used 92218K, committed 93248K, reserved 1179648K
  class space    used 12224K, committed 12736K, reserved 1048576K
}
Event: 3375.837 GC heap after
{Heap after GC invocations=37 (full 0):
 garbage-first heap   total 643072K, used 101905K [0x0000000705800000, 0x0000000800000000)
  region size 2048K, 6 young (12288K), 6 survivors (12288K)
 Metaspace       used 92218K, committed 93248K, reserved 1179648K
  class space    used 12224K, committed 12736K, reserved 1048576K
}
Event: 5080.044 GC heap before
{Heap before GC invocations=37 (full 0):
 garbage-first heap   total 643072K, used 474641K [0x0000000705800000, 0x0000000800000000)
  region size 2048K, 188 young (385024K), 6 survivors (12288K)
 Metaspace       used 92767K, committed 93824K, reserved 1179648K
  class space    used 12231K, committed 12736K, reserved 1048576K
}
Event: 5080.101 GC heap after
{Heap after GC invocations=38 (full 0):
 garbage-first heap   total 643072K, used 101784K [0x0000000705800000, 0x0000000800000000)
  region size 2048K, 6 young (12288K), 6 survivors (12288K)
 Metaspace       used 92767K, committed 93824K, reserved 1179648K
  class space    used 12231K, committed 12736K, reserved 1048576K
}
Event: 6006.333 GC heap before
{Heap before GC invocations=39 (full 0):
 garbage-first heap   total 356352K, used 302488K [0x0000000705800000, 0x0000000800000000)
  region size 2048K, 104 young (212992K), 6 survivors (12288K)
 Metaspace       used 92643K, committed 93824K, reserved 1179648K
  class space    used 12139K, committed 12736K, reserved 1048576K
}
Event: 6006.398 GC heap after
{Heap after GC invocations=40 (full 0):
 garbage-first heap   total 356352K, used 100221K [0x0000000705800000, 0x0000000800000000)
  region size 2048K, 5 young (10240K), 5 survivors (10240K)
 Metaspace       used 92643K, committed 93824K, reserved 1179648K
  class space    used 12139K, committed 12736K, reserved 1048576K
}
Event: 6953.943 GC heap before
{Heap before GC invocations=40 (full 0):
 garbage-first heap   total 356352K, used 302973K [0x0000000705800000, 0x0000000800000000)
  region size 2048K, 104 young (212992K), 5 survivors (10240K)
 Metaspace       used 92942K, committed 94016K, reserved 1179648K
  class space    used 12141K, committed 12736K, reserved 1048576K
}
Event: 6953.978 GC heap after
{Heap after GC invocations=41 (full 0):
 garbage-first heap   total 356352K, used 88283K [0x0000000705800000, 0x0000000800000000)
  region size 2048K, 5 young (10240K), 5 survivors (10240K)
 Metaspace       used 92942K, committed 94016K, reserved 1179648K
  class space    used 12141K, committed 12736K, reserved 1048576K
}
Event: 7906.999 GC heap before
{Heap before GC invocations=41 (full 0):
 garbage-first heap   total 356352K, used 291035K [0x0000000705800000, 0x0000000800000000)
  region size 2048K, 104 young (212992K), 5 survivors (10240K)
 Metaspace       used 93191K, committed 94272K, reserved 1179648K
  class space    used 12141K, committed 12736K, reserved 1048576K
}
Event: 7907.052 GC heap after
{Heap after GC invocations=42 (full 0):
 garbage-first heap   total 356352K, used 88566K [0x0000000705800000, 0x0000000800000000)
  region size 2048K, 5 young (10240K), 5 survivors (10240K)
 Metaspace       used 93191K, committed 94272K, reserved 1179648K
  class space    used 12141K, committed 12736K, reserved 1048576K
}
Event: 11375.678 GC heap before
{Heap before GC invocations=43 (full 0):
 garbage-first heap   total 307200K, used 262646K [0x0000000705800000, 0x0000000800000000)
  region size 2048K, 90 young (184320K), 5 survivors (10240K)
 Metaspace       used 93264K, committed 94272K, reserved 1179648K
  class space    used 12143K, committed 12736K, reserved 1048576K
}
Event: 11375.738 GC heap after
{Heap after GC invocations=44 (full 0):
 garbage-first heap   total 307200K, used 88050K [0x0000000705800000, 0x0000000800000000)
  region size 2048K, 5 young (10240K), 5 survivors (10240K)
 Metaspace       used 93264K, committed 94272K, reserved 1179648K
  class space    used 12143K, committed 12736K, reserved 1048576K
}
Event: 12201.167 GC heap before
{Heap before GC invocations=44 (full 0):
 garbage-first heap   total 307200K, used 262130K [0x0000000705800000, 0x0000000800000000)
  region size 2048K, 90 young (184320K), 5 survivors (10240K)
 Metaspace       used 93327K, committed 94336K, reserved 1179648K
  class space    used 12143K, committed 12736K, reserved 1048576K
}
Event: 12201.198 GC heap after
{Heap after GC invocations=45 (full 0):
 garbage-first heap   total 307200K, used 84385K [0x0000000705800000, 0x0000000800000000)
  region size 2048K, 5 young (10240K), 5 survivors (10240K)
 Metaspace       used 93327K, committed 94336K, reserved 1179648K
  class space    used 12143K, committed 12736K, reserved 1048576K
}
Event: 13031.854 GC heap before
{Heap before GC invocations=45 (full 0):
 garbage-first heap   total 307200K, used 258465K [0x0000000705800000, 0x0000000800000000)
  region size 2048K, 90 young (184320K), 5 survivors (10240K)
 Metaspace       used 93446K, committed 94464K, reserved 1179648K
  class space    used 12143K, committed 12736K, reserved 1048576K
}
Event: 13031.903 GC heap after
{Heap after GC invocations=46 (full 0):
 garbage-first heap   total 307200K, used 84723K [0x0000000705800000, 0x0000000800000000)
  region size 2048K, 5 young (10240K), 5 survivors (10240K)
 Metaspace       used 93446K, committed 94464K, reserved 1179648K
  class space    used 12143K, committed 12736K, reserved 1048576K
}
Event: 13812.235 GC heap before
{Heap before GC invocations=47 (full 0):
 garbage-first heap   total 294912K, used 250611K [0x0000000705800000, 0x0000000800000000)
  region size 2048K, 86 young (176128K), 5 survivors (10240K)
 Metaspace       used 93529K, committed 94528K, reserved 1179648K
  class space    used 12143K, committed 12736K, reserved 1048576K
}
Event: 13812.265 GC heap after
{Heap after GC invocations=48 (full 0):
 garbage-first heap   total 294912K, used 85031K [0x0000000705800000, 0x0000000800000000)
  region size 2048K, 5 young (10240K), 5 survivors (10240K)
 Metaspace       used 93529K, committed 94528K, reserved 1179648K
  class space    used 12143K, committed 12736K, reserved 1048576K
}

